Starting job 583904 on b[2301-2309,2311-2331,2333-2334] on betzy at Tue Mar 21 06:34:02 CET 2023

start running log_Ni67_gs8_tr_j3p_j1n.txt ...

Job 583904 consumed 1372.2 billing hours from project nn9464k.

Submitted 2023-03-21T06:33:59; waited 2.0 seconds in the queue after becoming eligible to run.

Requested wallclock time: 2.0 hours
Elapsed wallclock time:   20.1 minutes

Task and CPU statistics:
ID                         CPUs  Tasks  CPU util                Start   Elapsed  Exit status
583904                     4096            0.0 %  2023-03-21T06:34:01  1206.0 s  0
583904.batch                128      1     0.0 %  2023-03-21T06:34:01  1206.0 s  0
583904.hydra_bstrap_proxy  2048     16   168.0 %  2023-03-21T06:34:07  1199.0 s  0
583904.hydra_bstrap_proxy   128      1   167.2 %  2023-03-21T06:34:07  1199.0 s  0
583904.hydra_bstrap_proxy   128      1   168.3 %  2023-03-21T06:34:07  1199.0 s  0
583904.hydra_bstrap_proxy   128      1   168.2 %  2023-03-21T06:34:07  1199.0 s  0
583904.hydra_bstrap_proxy   128      1   168.4 %  2023-03-21T06:34:07  1199.0 s  0
583904.hydra_bstrap_proxy   128      1   166.8 %  2023-03-21T06:34:07  1199.0 s  0
583904.hydra_bstrap_proxy   128      1   167.8 %  2023-03-21T06:34:07  1199.0 s  0
583904.hydra_bstrap_proxy   128      1   166.2 %  2023-03-21T06:34:07  1199.0 s  0
583904.hydra_bstrap_proxy   128      1   168.2 %  2023-03-21T06:34:07  1199.0 s  0
583904.hydra_bstrap_proxy   128      1   166.0 %  2023-03-21T06:34:07  1199.0 s  0
583904.hydra_bstrap_proxy   128      1   165.8 %  2023-03-21T06:34:07  1199.0 s  0
583904.hydra_bstrap_proxy   128      1   168.4 %  2023-03-21T06:34:07  1199.0 s  0
583904.hydra_bstrap_proxy   128      1   167.9 %  2023-03-21T06:34:07  1199.0 s  0
583904.hydra_bstrap_proxy   128      1   168.1 %  2023-03-21T06:34:07  1199.0 s  0
583904.hydra_bstrap_proxy   128      1   168.2 %  2023-03-21T06:34:07  1199.0 s  0
583904.hydra_bstrap_proxy   128      1   166.2 %  2023-03-21T06:34:08  1198.0 s  0
583904.hydra_bstrap_proxy   128      1   167.6 %  2023-03-21T06:34:08  1198.0 s  0

Used CPU time:   95.3 CPU days
Unused CPU time: 0.0 CPU seconds

Memory statistics, in GiB:
ID                          Alloc   Usage
583904                     7744.0        
583904.batch                242.0     0.0
583904.hydra_bstrap_proxy  3872.0    87.6
583904.hydra_bstrap_proxy   242.0     5.5
583904.hydra_bstrap_proxy   242.0     5.5
583904.hydra_bstrap_proxy   242.0     5.5
583904.hydra_bstrap_proxy   242.0     5.5
583904.hydra_bstrap_proxy   242.0     5.5
583904.hydra_bstrap_proxy   242.0     5.4
583904.hydra_bstrap_proxy   242.0     5.4
583904.hydra_bstrap_proxy   242.0     5.5
583904.hydra_bstrap_proxy   242.0     5.4
583904.hydra_bstrap_proxy   242.0     5.4
583904.hydra_bstrap_proxy   242.0     5.5
583904.hydra_bstrap_proxy   242.0     5.4
583904.hydra_bstrap_proxy   242.0     5.4
583904.hydra_bstrap_proxy   242.0     5.5
583904.hydra_bstrap_proxy   242.0     5.5
583904.hydra_bstrap_proxy   242.0     5.6

Job 583904 completed at Tue Mar 21 06:54:07 CET 2023
