Starting job 585356 on b[1196,3249-3253,3255-3269,3273,3276,3278-3280,3285-3289,3296] on betzy at Thu Mar 23 06:47:32 CET 2023

start running log_Ni67_gs8_tr_j5p_j3n.txt ...

Job 585356 consumed 1256.1 billing hours from project nn9464k.

Submitted 2023-03-23T06:47:32; waited 0.0 seconds in the queue after becoming eligible to run.

Requested wallclock time: 2.0 hours
Elapsed wallclock time:   18.4 minutes

Task and CPU statistics:
ID                         CPUs  Tasks  CPU util                Start   Elapsed  Exit status
585356                     4096            0.0 %  2023-03-23T06:47:32  1104.0 s  0
585356.batch                128      1     0.0 %  2023-03-23T06:47:32  1104.0 s  0
585356.hydra_bstrap_proxy  2048     16   169.7 %  2023-03-23T06:47:34  1102.0 s  0
585356.hydra_bstrap_proxy   128      1   168.7 %  2023-03-23T06:47:36  1098.0 s  0
585356.hydra_bstrap_proxy   128      1   170.5 %  2023-03-23T06:47:36  1098.0 s  0
585356.hydra_bstrap_proxy   128      1   170.9 %  2023-03-23T06:47:36  1098.0 s  0
585356.hydra_bstrap_proxy   128      1   170.5 %  2023-03-23T06:47:36  1098.0 s  0
585356.hydra_bstrap_proxy   128      1   170.7 %  2023-03-23T06:47:36  1098.0 s  0
585356.hydra_bstrap_proxy   128      1   170.8 %  2023-03-23T06:47:36  1098.0 s  0
585356.hydra_bstrap_proxy   128      1   170.9 %  2023-03-23T06:47:36  1098.0 s  0
585356.hydra_bstrap_proxy   128      1   170.6 %  2023-03-23T06:47:36  1098.0 s  0
585356.hydra_bstrap_proxy   128      1   171.3 %  2023-03-23T06:47:36  1098.0 s  0
585356.hydra_bstrap_proxy   128      1   171.5 %  2023-03-23T06:47:36  1098.0 s  0
585356.hydra_bstrap_proxy   128      1   171.1 %  2023-03-23T06:47:36  1098.0 s  0
585356.hydra_bstrap_proxy   128      1   170.8 %  2023-03-23T06:47:36  1098.0 s  0
585356.hydra_bstrap_proxy   128      1   171.0 %  2023-03-23T06:47:36  1098.0 s  0
585356.hydra_bstrap_proxy   128      1   171.1 %  2023-03-23T06:47:36  1098.0 s  0
585356.hydra_bstrap_proxy   128      1   171.5 %  2023-03-23T06:47:36  1098.0 s  0
585356.hydra_bstrap_proxy   128      1   168.9 %  2023-03-23T06:47:36  1098.0 s  0

Used CPU time:   88.7 CPU days
Unused CPU time: 0.0 CPU seconds

Memory statistics, in GiB:
ID                          Alloc   Usage
585356                     7744.0        
585356.batch                242.0     0.0
585356.hydra_bstrap_proxy  3872.0    81.0
585356.hydra_bstrap_proxy   242.0     5.0
585356.hydra_bstrap_proxy   242.0     5.1
585356.hydra_bstrap_proxy   242.0     5.0
585356.hydra_bstrap_proxy   242.0     5.0
585356.hydra_bstrap_proxy   242.0     5.1
585356.hydra_bstrap_proxy   242.0     4.9
585356.hydra_bstrap_proxy   242.0     5.1
585356.hydra_bstrap_proxy   242.0     5.0
585356.hydra_bstrap_proxy   242.0     5.1
585356.hydra_bstrap_proxy   242.0     5.1
585356.hydra_bstrap_proxy   242.0     5.1
585356.hydra_bstrap_proxy   242.0     5.0
585356.hydra_bstrap_proxy   242.0     5.0
585356.hydra_bstrap_proxy   242.0     5.0
585356.hydra_bstrap_proxy   242.0     5.0
585356.hydra_bstrap_proxy   242.0     5.1

Job 585356 completed at Thu Mar 23 07:05:56 CET 2023
