Starting job 583216 on b[2209-2211,2213-2227,2229-2242] on betzy at Mon Mar 20 07:04:06 CET 2023

start running log_Ni67_gs8_tr_j3p_j3p.txt ...

Job 583216 consumed 4305.4 billing hours from project nn9464k.

Submitted 2023-03-20T07:04:03; waited 1.0 seconds in the queue after becoming eligible to run.

Requested wallclock time: 10.0 hours
Elapsed wallclock time:   1.1 hours

Task and CPU statistics:
ID                         CPUs  Tasks  CPU util                Start  Elapsed  Exit status
583216                     4096            0.0 %  2023-03-20T07:04:04    1.1 h  0
583216.batch                128      1     0.0 %  2023-03-20T07:04:04    1.1 h  0
583216.hydra_bstrap_proxy  2048     16   193.0 %  2023-03-20T07:04:09    1.0 h  0
583216.hydra_bstrap_proxy   128      1   187.7 %  2023-03-20T07:04:10    1.0 h  0
583216.hydra_bstrap_proxy   128      1   197.8 %  2023-03-20T07:04:10    1.0 h  0
583216.hydra_bstrap_proxy   128      1   185.9 %  2023-03-20T07:04:10    1.0 h  0
583216.hydra_bstrap_proxy   128      1   197.3 %  2023-03-20T07:04:10    1.0 h  0
583216.hydra_bstrap_proxy   128      1   185.3 %  2023-03-20T07:04:10    1.0 h  0
583216.hydra_bstrap_proxy   128      1   197.8 %  2023-03-20T07:04:10    1.0 h  0
583216.hydra_bstrap_proxy   128      1   198.0 %  2023-03-20T07:04:10    1.0 h  0
583216.hydra_bstrap_proxy   128      1   197.0 %  2023-03-20T07:04:10    1.0 h  0
583216.hydra_bstrap_proxy   128      1   190.4 %  2023-03-20T07:04:10    1.0 h  0
583216.hydra_bstrap_proxy   128      1   191.3 %  2023-03-20T07:04:10    1.0 h  0
583216.hydra_bstrap_proxy   128      1   197.8 %  2023-03-20T07:04:10    1.0 h  0
583216.hydra_bstrap_proxy   128      1   187.0 %  2023-03-20T07:04:10    1.0 h  0
583216.hydra_bstrap_proxy   128      1   186.4 %  2023-03-20T07:04:10    1.0 h  0
583216.hydra_bstrap_proxy   128      1   197.8 %  2023-03-20T07:04:10    1.0 h  0
583216.hydra_bstrap_proxy   128      1   185.0 %  2023-03-20T07:04:10    1.0 h  0
583216.hydra_bstrap_proxy   128      1   197.1 %  2023-03-20T07:04:10    1.0 h  0

Used CPU time:   345.2 CPU days
Unused CPU time: 0.0 CPU seconds

Memory statistics, in GiB:
ID                          Alloc   Usage
583216                     7744.0        
583216.batch                242.0     0.0
583216.hydra_bstrap_proxy  3872.0   136.0
583216.hydra_bstrap_proxy   242.0     8.4
583216.hydra_bstrap_proxy   242.0     8.4
583216.hydra_bstrap_proxy   242.0     8.5
583216.hydra_bstrap_proxy   242.0     8.6
583216.hydra_bstrap_proxy   242.0     8.5
583216.hydra_bstrap_proxy   242.0     8.5
583216.hydra_bstrap_proxy   242.0     8.6
583216.hydra_bstrap_proxy   242.0     8.5
583216.hydra_bstrap_proxy   242.0     8.4
583216.hydra_bstrap_proxy   242.0     8.4
583216.hydra_bstrap_proxy   242.0     8.4
583216.hydra_bstrap_proxy   242.0     8.4
583216.hydra_bstrap_proxy   242.0     8.4
583216.hydra_bstrap_proxy   242.0     8.5
583216.hydra_bstrap_proxy   242.0     8.5
583216.hydra_bstrap_proxy   242.0     8.5

Job 583216 completed at Mon Mar 20 08:07:10 CET 2023
