Starting job 585355 on b[3349-3353,3355-3381] on betzy at Thu Mar 23 06:47:29 CET 2023

start running log_Ni67_gs8_tr_j5p_j9p.txt ...

Job 585355 consumed 2007.0 billing hours from project nn9464k.

Submitted 2023-03-23T06:47:27; waited 1.0 seconds in the queue after becoming eligible to run.

Requested wallclock time: 2.0 hours
Elapsed wallclock time:   29.4 minutes

Task and CPU statistics:
ID                         CPUs  Tasks  CPU util                Start   Elapsed  Exit status
585355                     4096            0.0 %  2023-03-23T06:47:28  1764.0 s  0
585355.batch                128      1     0.0 %  2023-03-23T06:47:28  1764.0 s  0
585355.hydra_bstrap_proxy  2048     16   173.8 %  2023-03-23T06:47:32  1760.0 s  0
585355.hydra_bstrap_proxy   128      1   173.1 %  2023-03-23T06:47:32  1760.0 s  0
585355.hydra_bstrap_proxy   128      1   174.7 %  2023-03-23T06:47:32  1760.0 s  0
585355.hydra_bstrap_proxy   128      1   175.5 %  2023-03-23T06:47:32  1760.0 s  0
585355.hydra_bstrap_proxy   128      1   175.5 %  2023-03-23T06:47:32  1760.0 s  0
585355.hydra_bstrap_proxy   128      1   175.0 %  2023-03-23T06:47:32  1760.0 s  0
585355.hydra_bstrap_proxy   128      1   170.4 %  2023-03-23T06:47:32  1760.0 s  0
585355.hydra_bstrap_proxy   128      1   173.6 %  2023-03-23T06:47:33  1759.0 s  0
585355.hydra_bstrap_proxy   128      1   170.9 %  2023-03-23T06:47:33  1759.0 s  0
585355.hydra_bstrap_proxy   128      1   175.1 %  2023-03-23T06:47:33  1759.0 s  0
585355.hydra_bstrap_proxy   128      1   170.4 %  2023-03-23T06:47:33  1759.0 s  0
585355.hydra_bstrap_proxy   128      1   175.5 %  2023-03-23T06:47:33  1759.0 s  0
585355.hydra_bstrap_proxy   128      1   174.9 %  2023-03-23T06:47:33  1759.0 s  0
585355.hydra_bstrap_proxy   128      1   167.5 %  2023-03-23T06:47:33  1759.0 s  0
585355.hydra_bstrap_proxy   128      1   174.8 %  2023-03-23T06:47:33  1759.0 s  0
585355.hydra_bstrap_proxy   128      1   174.8 %  2023-03-23T06:47:33  1759.0 s  0
585355.hydra_bstrap_proxy   128      1   172.0 %  2023-03-23T06:47:33  1759.0 s  0

Used CPU time:   144.8 CPU days
Unused CPU time: 0.0 CPU seconds

Memory statistics, in GiB:
ID                          Alloc   Usage
585355                     7744.0        
585355.batch                242.0     0.0
585355.hydra_bstrap_proxy  3872.0   122.6
585355.hydra_bstrap_proxy   242.0     7.6
585355.hydra_bstrap_proxy   242.0     7.7
585355.hydra_bstrap_proxy   242.0     7.7
585355.hydra_bstrap_proxy   242.0     7.7
585355.hydra_bstrap_proxy   242.0     7.7
585355.hydra_bstrap_proxy   242.0     7.6
585355.hydra_bstrap_proxy   242.0     7.7
585355.hydra_bstrap_proxy   242.0     7.7
585355.hydra_bstrap_proxy   242.0     7.7
585355.hydra_bstrap_proxy   242.0     7.6
585355.hydra_bstrap_proxy   242.0     7.6
585355.hydra_bstrap_proxy   242.0     7.7
585355.hydra_bstrap_proxy   242.0     7.6
585355.hydra_bstrap_proxy   242.0     7.7
585355.hydra_bstrap_proxy   242.0     7.7
585355.hydra_bstrap_proxy   242.0     7.7

Job 585355 completed at Thu Mar 23 07:16:53 CET 2023
