Starting job 583936 on b[2135-2148,2335-2348,3301-3304] on betzy at Tue Mar 21 07:12:41 CET 2023

start running log_Ni67_gs8_tr_j13p_j15n.txt ...

Job 583936 consumed 606.4 billing hours from project nn9464k.

Submitted 2023-03-21T06:37:50; waited 34.9 minutes in the queue after becoming eligible to run.

Requested wallclock time: 2.0 hours
Elapsed wallclock time:   8.9 minutes

Task and CPU statistics:
ID                         CPUs  Tasks  CPU util                Start  Elapsed  Exit status
583936                     4096            0.0 %  2023-03-21T07:12:41  533.0 s  0
583936.batch                128      1     0.0 %  2023-03-21T07:12:41  533.0 s  0
583936.hydra_bstrap_proxy  2048     16   192.0 %  2023-03-21T07:12:44  530.0 s  0
583936.hydra_bstrap_proxy   128      1   191.8 %  2023-03-21T07:12:44  530.0 s  0
583936.hydra_bstrap_proxy   128      1   191.4 %  2023-03-21T07:12:44  530.0 s  0
583936.hydra_bstrap_proxy   128      1   191.9 %  2023-03-21T07:12:44  530.0 s  0
583936.hydra_bstrap_proxy   128      1   192.2 %  2023-03-21T07:12:44  530.0 s  0
583936.hydra_bstrap_proxy   128      1   191.8 %  2023-03-21T07:12:44  530.0 s  0
583936.hydra_bstrap_proxy   128      1   192.0 %  2023-03-21T07:12:44  530.0 s  0
583936.hydra_bstrap_proxy   128      1   191.9 %  2023-03-21T07:12:44  530.0 s  0
583936.hydra_bstrap_proxy   128      1   191.8 %  2023-03-21T07:12:44  530.0 s  0
583936.hydra_bstrap_proxy   128      1   192.0 %  2023-03-21T07:12:44  530.0 s  0
583936.hydra_bstrap_proxy   128      1   192.0 %  2023-03-21T07:12:44  530.0 s  0
583936.hydra_bstrap_proxy   128      1   191.5 %  2023-03-21T07:12:44  530.0 s  0
583936.hydra_bstrap_proxy   128      1   191.6 %  2023-03-21T07:12:44  530.0 s  0
583936.hydra_bstrap_proxy   128      1   191.8 %  2023-03-21T07:12:44  530.0 s  0
583936.hydra_bstrap_proxy   128      1   191.7 %  2023-03-21T07:12:44  530.0 s  0
583936.hydra_bstrap_proxy   128      1   192.1 %  2023-03-21T07:12:44  530.0 s  0
583936.hydra_bstrap_proxy   128      1   191.9 %  2023-03-21T07:12:44  530.0 s  0

Used CPU time:   48.2 CPU days
Unused CPU time: 0.0 CPU seconds

Memory statistics, in GiB:
ID                          Alloc   Usage
583936                     7744.0        
583936.batch                242.0     0.0
583936.hydra_bstrap_proxy  3872.0    58.8
583936.hydra_bstrap_proxy   242.0     3.6
583936.hydra_bstrap_proxy   242.0     3.6
583936.hydra_bstrap_proxy   242.0     3.6
583936.hydra_bstrap_proxy   242.0     3.7
583936.hydra_bstrap_proxy   242.0     3.7
583936.hydra_bstrap_proxy   242.0     3.6
583936.hydra_bstrap_proxy   242.0     3.7
583936.hydra_bstrap_proxy   242.0     3.8
583936.hydra_bstrap_proxy   242.0     3.6
583936.hydra_bstrap_proxy   242.0     3.7
583936.hydra_bstrap_proxy   242.0     3.7
583936.hydra_bstrap_proxy   242.0     3.6
583936.hydra_bstrap_proxy   242.0     3.7
583936.hydra_bstrap_proxy   242.0     3.7
583936.hydra_bstrap_proxy   242.0     3.7
583936.hydra_bstrap_proxy   242.0     3.7

Job 583936 completed at Tue Mar 21 07:21:35 CET 2023
