Starting job 583918 on b[1286-1290,1292,4143-4148,4153-4156,4194-4196,4391-4396,5189-5193,5195-5196] on betzy at Tue Mar 21 06:37:16 CET 2023

start running log_Ni67_gs8_tr_j7p_j9n.txt ...

Job 583918 consumed 1077.5 billing hours from project nn9464k.

Submitted 2023-03-21T06:34:30; waited 2.6 minutes in the queue after becoming eligible to run.

Requested wallclock time: 2.0 hours
Elapsed wallclock time:   15.8 minutes

Task and CPU statistics:
ID                         CPUs  Tasks  CPU util                Start  Elapsed  Exit status
583918                     4096            0.0 %  2023-03-21T06:37:08  947.0 s  0
583918.batch                128      1     0.0 %  2023-03-21T06:37:08  947.0 s  0
583918.hydra_bstrap_proxy  2048     16   180.3 %  2023-03-21T06:37:18  936.0 s  0
583918.hydra_bstrap_proxy   128      1   179.3 %  2023-03-21T06:37:19  935.0 s  0
583918.hydra_bstrap_proxy   128      1   181.2 %  2023-03-21T06:37:19  935.0 s  0
583918.hydra_bstrap_proxy   128      1   181.2 %  2023-03-21T06:37:19  935.0 s  0
583918.hydra_bstrap_proxy   128      1   179.4 %  2023-03-21T06:37:19  935.0 s  0
583918.hydra_bstrap_proxy   128      1   181.0 %  2023-03-21T06:37:19  935.0 s  0
583918.hydra_bstrap_proxy   128      1   180.2 %  2023-03-21T06:37:19  935.0 s  0
583918.hydra_bstrap_proxy   128      1   180.4 %  2023-03-21T06:37:19  935.0 s  0
583918.hydra_bstrap_proxy   128      1   180.7 %  2023-03-21T06:37:19  935.0 s  0
583918.hydra_bstrap_proxy   128      1   181.4 %  2023-03-21T06:37:19  935.0 s  0
583918.hydra_bstrap_proxy   128      1   180.0 %  2023-03-21T06:37:19  935.0 s  0
583918.hydra_bstrap_proxy   128      1   181.4 %  2023-03-21T06:37:19  935.0 s  0
583918.hydra_bstrap_proxy   128      1   180.2 %  2023-03-21T06:37:19  935.0 s  0
583918.hydra_bstrap_proxy   128      1   181.0 %  2023-03-21T06:37:19  935.0 s  0
583918.hydra_bstrap_proxy   128      1   180.5 %  2023-03-21T06:37:19  935.0 s  0
583918.hydra_bstrap_proxy   128      1   180.4 %  2023-03-21T06:37:19  935.0 s  0
583918.hydra_bstrap_proxy   128      1   179.8 %  2023-03-21T06:37:19  935.0 s  0

Used CPU time:   80.0 CPU days
Unused CPU time: 0.0 CPU seconds

Memory statistics, in GiB:
ID                          Alloc   Usage
583918                     7744.0        
583918.batch                242.0     0.0
583918.hydra_bstrap_proxy  3872.0    76.0
583918.hydra_bstrap_proxy   242.0     4.7
583918.hydra_bstrap_proxy   242.0     4.7
583918.hydra_bstrap_proxy   242.0     4.7
583918.hydra_bstrap_proxy   242.0     4.6
583918.hydra_bstrap_proxy   242.0     4.7
583918.hydra_bstrap_proxy   242.0     4.7
583918.hydra_bstrap_proxy   242.0     4.7
583918.hydra_bstrap_proxy   242.0     4.7
583918.hydra_bstrap_proxy   242.0     4.8
583918.hydra_bstrap_proxy   242.0     4.8
583918.hydra_bstrap_proxy   242.0     4.7
583918.hydra_bstrap_proxy   242.0     4.7
583918.hydra_bstrap_proxy   242.0     4.7
583918.hydra_bstrap_proxy   242.0     4.7
583918.hydra_bstrap_proxy   242.0     4.8
583918.hydra_bstrap_proxy   242.0     4.7

Job 583918 completed at Tue Mar 21 06:52:55 CET 2023
