Starting job 582188 on b[2396,3223-3226,3234,3301-3304,3306-3313,3317-3330] on betzy at Fri Mar 17 10:11:17 CET 2023

start running log_Ni67_gs8_j7p.txt ...

Job 582188 consumed 5463.6 billing hours from project nn9464k.

Submitted 2023-03-17T09:42:41; waited 28.6 minutes in the queue after becoming eligible to run.

Requested wallclock time: 10.0 hours
Elapsed wallclock time:   1.3 hours

Task and CPU statistics:
ID                         CPUs  Tasks  CPU util                Start  Elapsed  Exit status
582188                     4096            0.0 %  2023-03-17T10:11:16    1.3 h  0
582188.batch                128      1     0.0 %  2023-03-17T10:11:16    1.3 h  0
582188.hydra_bstrap_proxy  2048     16   186.1 %  2023-03-17T10:11:20    1.3 h  0
582188.hydra_bstrap_proxy   128      1   187.1 %  2023-03-17T10:11:21    1.3 h  0
582188.hydra_bstrap_proxy   128      1   188.4 %  2023-03-17T10:11:21    1.3 h  0
582188.hydra_bstrap_proxy   128      1   183.8 %  2023-03-17T10:11:21    1.3 h  0
582188.hydra_bstrap_proxy   128      1   187.0 %  2023-03-17T10:11:21    1.3 h  0
582188.hydra_bstrap_proxy   128      1   184.3 %  2023-03-17T10:11:21    1.3 h  0
582188.hydra_bstrap_proxy   128      1   185.9 %  2023-03-17T10:11:21    1.3 h  0
582188.hydra_bstrap_proxy   128      1   186.1 %  2023-03-17T10:11:21    1.3 h  0
582188.hydra_bstrap_proxy   128      1   183.0 %  2023-03-17T10:11:21    1.3 h  0
582188.hydra_bstrap_proxy   128      1   186.8 %  2023-03-17T10:11:21    1.3 h  0
582188.hydra_bstrap_proxy   128      1   187.3 %  2023-03-17T10:11:21    1.3 h  0
582188.hydra_bstrap_proxy   128      1   185.0 %  2023-03-17T10:11:21    1.3 h  0
582188.hydra_bstrap_proxy   128      1   188.3 %  2023-03-17T10:11:21    1.3 h  0
582188.hydra_bstrap_proxy   128      1   186.8 %  2023-03-17T10:11:21    1.3 h  0
582188.hydra_bstrap_proxy   128      1   170.4 %  2023-03-17T10:11:21    1.3 h  0
582188.hydra_bstrap_proxy   128      1   188.5 %  2023-03-17T10:11:21    1.3 h  0
582188.hydra_bstrap_proxy   128      1   185.4 %  2023-03-17T10:11:21    1.3 h  0

Used CPU time:   422.2 CPU days
Unused CPU time: 0.0 CPU seconds

Memory statistics, in GiB:
ID                          Alloc   Usage
582188                     7744.0        
582188.batch                242.0     0.0
582188.hydra_bstrap_proxy  3872.0   127.0
582188.hydra_bstrap_proxy   242.0     8.4
582188.hydra_bstrap_proxy   242.0     8.4
582188.hydra_bstrap_proxy   242.0     8.1
582188.hydra_bstrap_proxy   242.0     8.1
582188.hydra_bstrap_proxy   242.0     8.4
582188.hydra_bstrap_proxy   242.0     8.4
582188.hydra_bstrap_proxy   242.0     8.4
582188.hydra_bstrap_proxy   242.0     8.1
582188.hydra_bstrap_proxy   242.0     8.1
582188.hydra_bstrap_proxy   242.0     8.3
582188.hydra_bstrap_proxy   242.0     8.4
582188.hydra_bstrap_proxy   242.0     8.4
582188.hydra_bstrap_proxy   242.0     8.0
582188.hydra_bstrap_proxy   242.0     8.1
582188.hydra_bstrap_proxy   242.0     7.9
582188.hydra_bstrap_proxy   242.0     7.7

Job 582188 completed at Fri Mar 17 11:31:18 CET 2023
