Starting job 583942 on b[1223-1227,1238-1240,1242-1245,1247-1248,2135-2148,3301-3304] on betzy at Tue Mar 21 07:21:36 CET 2023

start running log_Ni67_gs8_tr_j17p_j17p.txt ...

Job 583942 consumed 1645.2 billing hours from project nn9464k.

Submitted 2023-03-21T06:38:02; waited 43.6 minutes in the queue after becoming eligible to run.

Requested wallclock time: 2.0 hours
Elapsed wallclock time:   24.1 minutes

Task and CPU statistics:
ID                         CPUs  Tasks  CPU util                Start   Elapsed  Exit status
583942                     4096            0.0 %  2023-03-21T07:21:36  1446.0 s  0
583942.batch                128      1     0.0 %  2023-03-21T07:21:36  1446.0 s  0
583942.hydra_bstrap_proxy  2048     16   196.9 %  2023-03-21T07:21:39  1443.0 s  0
583942.hydra_bstrap_proxy   128      1   197.4 %  2023-03-21T07:21:40  1442.0 s  0
583942.hydra_bstrap_proxy   128      1   196.7 %  2023-03-21T07:21:40  1442.0 s  0
583942.hydra_bstrap_proxy   128      1   196.8 %  2023-03-21T07:21:40  1442.0 s  0
583942.hydra_bstrap_proxy   128      1   197.1 %  2023-03-21T07:21:40  1442.0 s  0
583942.hydra_bstrap_proxy   128      1   197.0 %  2023-03-21T07:21:40  1442.0 s  0
583942.hydra_bstrap_proxy   128      1   196.9 %  2023-03-21T07:21:40  1442.0 s  0
583942.hydra_bstrap_proxy   128      1   197.1 %  2023-03-21T07:21:40  1442.0 s  0
583942.hydra_bstrap_proxy   128      1   197.2 %  2023-03-21T07:21:40  1442.0 s  0
583942.hydra_bstrap_proxy   128      1   197.1 %  2023-03-21T07:21:40  1442.0 s  0
583942.hydra_bstrap_proxy   128      1   197.0 %  2023-03-21T07:21:40  1442.0 s  0
583942.hydra_bstrap_proxy   128      1   196.9 %  2023-03-21T07:21:40  1442.0 s  0
583942.hydra_bstrap_proxy   128      1   197.2 %  2023-03-21T07:21:40  1442.0 s  0
583942.hydra_bstrap_proxy   128      1   197.2 %  2023-03-21T07:21:40  1442.0 s  0
583942.hydra_bstrap_proxy   128      1   197.0 %  2023-03-21T07:21:40  1442.0 s  0
583942.hydra_bstrap_proxy   128      1   197.1 %  2023-03-21T07:21:40  1442.0 s  0
583942.hydra_bstrap_proxy   128      1   196.9 %  2023-03-21T07:21:40  1442.0 s  0

Used CPU time:   134.7 CPU days
Unused CPU time: 0.0 CPU seconds

Memory statistics, in GiB:
ID                          Alloc   Usage
583942                     7744.0        
583942.batch                242.0     0.0
583942.hydra_bstrap_proxy  3872.0    61.5
583942.hydra_bstrap_proxy   242.0     3.8
583942.hydra_bstrap_proxy   242.0     3.9
583942.hydra_bstrap_proxy   242.0     3.8
583942.hydra_bstrap_proxy   242.0     3.9
583942.hydra_bstrap_proxy   242.0     3.9
583942.hydra_bstrap_proxy   242.0     3.7
583942.hydra_bstrap_proxy   242.0     3.9
583942.hydra_bstrap_proxy   242.0     3.8
583942.hydra_bstrap_proxy   242.0     3.8
583942.hydra_bstrap_proxy   242.0     3.9
583942.hydra_bstrap_proxy   242.0     3.8
583942.hydra_bstrap_proxy   242.0     3.9
583942.hydra_bstrap_proxy   242.0     3.7
583942.hydra_bstrap_proxy   242.0     3.9
583942.hydra_bstrap_proxy   242.0     3.8
583942.hydra_bstrap_proxy   242.0     3.8

Job 583942 completed at Tue Mar 21 07:45:43 CET 2023
