Starting job 583939 on b[2250-2255,2261-2282,2284-2287] on betzy at Tue Mar 21 07:16:07 CET 2023

start running log_Ni67_gs8_tr_j15p_j13n.txt ...

Job 583939 consumed 489.2 billing hours from project nn9464k.

Submitted 2023-03-21T06:37:56; waited 38.2 minutes in the queue after becoming eligible to run.

Requested wallclock time: 2.0 hours
Elapsed wallclock time:   7.2 minutes

Task and CPU statistics:
ID                         CPUs  Tasks  CPU util                Start  Elapsed  Exit status
583939                     4096            0.0 %  2023-03-21T07:16:06  430.0 s  0
583939.batch                128      1     0.0 %  2023-03-21T07:16:06  430.0 s  0
583939.hydra_bstrap_proxy  2048     16   191.2 %  2023-03-21T07:16:10  426.0 s  0
583939.hydra_bstrap_proxy   128      1   190.3 %  2023-03-21T07:16:10  426.0 s  0
583939.hydra_bstrap_proxy   128      1   191.7 %  2023-03-21T07:16:11  425.0 s  0
583939.hydra_bstrap_proxy   128      1   191.2 %  2023-03-21T07:16:11  425.0 s  0
583939.hydra_bstrap_proxy   128      1   190.7 %  2023-03-21T07:16:11  425.0 s  0
583939.hydra_bstrap_proxy   128      1   191.2 %  2023-03-21T07:16:11  425.0 s  0
583939.hydra_bstrap_proxy   128      1   191.3 %  2023-03-21T07:16:11  425.0 s  0
583939.hydra_bstrap_proxy   128      1   192.2 %  2023-03-21T07:16:11  425.0 s  0
583939.hydra_bstrap_proxy   128      1   191.3 %  2023-03-21T07:16:11  425.0 s  0
583939.hydra_bstrap_proxy   128      1   190.4 %  2023-03-21T07:16:11  425.0 s  0
583939.hydra_bstrap_proxy   128      1   190.9 %  2023-03-21T07:16:11  425.0 s  0
583939.hydra_bstrap_proxy   128      1   191.3 %  2023-03-21T07:16:11  425.0 s  0
583939.hydra_bstrap_proxy   128      1   191.5 %  2023-03-21T07:16:11  425.0 s  0
583939.hydra_bstrap_proxy   128      1   191.5 %  2023-03-21T07:16:11  425.0 s  0
583939.hydra_bstrap_proxy   128      1   190.5 %  2023-03-21T07:16:11  425.0 s  0
583939.hydra_bstrap_proxy   128      1   190.8 %  2023-03-21T07:16:11  425.0 s  0
583939.hydra_bstrap_proxy   128      1   191.7 %  2023-03-21T07:16:11  425.0 s  0

Used CPU time:   38.6 CPU days
Unused CPU time: 0.0 CPU seconds

Memory statistics, in GiB:
ID                          Alloc   Usage
583939                     7744.0        
583939.batch                242.0     0.0
583939.hydra_bstrap_proxy  3872.0    52.0
583939.hydra_bstrap_proxy   242.0     3.3
583939.hydra_bstrap_proxy   242.0     3.3
583939.hydra_bstrap_proxy   242.0     3.2
583939.hydra_bstrap_proxy   242.0     3.3
583939.hydra_bstrap_proxy   242.0     3.3
583939.hydra_bstrap_proxy   242.0     3.3
583939.hydra_bstrap_proxy   242.0     3.3
583939.hydra_bstrap_proxy   242.0     3.3
583939.hydra_bstrap_proxy   242.0     3.3
583939.hydra_bstrap_proxy   242.0     3.2
583939.hydra_bstrap_proxy   242.0     3.3
583939.hydra_bstrap_proxy   242.0     3.2
583939.hydra_bstrap_proxy   242.0     3.3
583939.hydra_bstrap_proxy   242.0     3.3
583939.hydra_bstrap_proxy   242.0     3.2
583939.hydra_bstrap_proxy   242.0     3.3

Job 583939 completed at Tue Mar 21 07:23:17 CET 2023
